2025-08-24 20:05:46,831 - GitHubCollector - INFO - Cargados 0 repos previamente procesados
2025-08-24 20:05:47,425 - GitHubCollector - INFO -    Para usar, modifica: delay_between_requests = 0.72
2025-08-24 20:05:47,425 - GitHubCollector - INFO - Iniciando recolecciÛn continua...
2025-08-24 20:11:28,853 - GitHubCollector - INFO - Cargados 0 repos previamente procesados
2025-08-24 20:11:29,496 - GitHubCollector - INFO -    Para usar, modifica: delay_between_requests = 0.72
2025-08-24 20:11:29,496 - GitHubCollector - INFO - Iniciando recolecciÛn continua...
2025-08-24 20:12:56,542 - GitHubCollector - INFO - Cargados 0 repos previamente procesados
2025-08-24 20:12:57,177 - GitHubCollector - INFO -    Para usar, modifica: delay_between_requests = 0.72
2025-08-24 20:12:57,177 - GitHubCollector - INFO - Iniciando recolecciÛn continua...
2025-08-24 20:13:40,390 - GitHubCollector - INFO - Cargados 0 repos previamente procesados
2025-08-24 20:13:41,039 - GitHubCollector - INFO - 
        === INFORMACI√ìN DEL TOKEN GITHUB ===
        üë§ Usuario: debugsito
        üè¢ Tipo de cuenta: User
        üí≥ Plan: pro
        üîë Tipo de token: Personal Access Token (Authenticated)

        üìä L√çMITES DE API:
        Core API: 4997/5000 por hora
        Search API: 30/30 por hora

        ‚è∞ RESET:
        Core: 2025-08-24T16:05:47
        Search: 2025-08-24T15:14:40

        ‚ö° RECOMENDACI√ìN:
        Delay √≥ptimo: 0.72s entre requests
        
2025-08-24 20:13:41,039 - GitHubCollector - INFO - üÜï MODO INICIAL: Empezando extracci√≥n desde cero
2025-08-24 20:13:41,040 - GitHubCollector - INFO - üöÄ Optimizaci√≥n: Tu token permite delays menores
2025-08-24 20:13:41,040 - GitHubCollector - INFO -    Actual: 1.2s ‚Üí Recomendado: 0.72s
2025-08-24 20:13:41,040 - GitHubCollector - INFO -    Para usar, modifica: delay_between_requests = 0.72
2025-08-24 20:13:41,040 - GitHubCollector - INFO - Iniciando recolecci√≥n continua...
2025-08-24 20:14:38,642 - GitHubCollector - INFO - Cargados 0 repos previamente procesados
2025-08-24 20:14:39,272 - GitHubCollector - INFO - 
        === INFORMACI√ìN DEL TOKEN GITHUB ===
        üë§ Usuario: debugsito
        üè¢ Tipo de cuenta: User
        üí≥ Plan: pro
        üîë Tipo de token: Personal Access Token (Authenticated)

        üìä L√çMITES DE API:
        Core API: 4996/5000 por hora
        Search API: 30/30 por hora

        ‚è∞ RESET:
        Core: 2025-08-24T16:05:47
        Search: 2025-08-24T15:15:38

        ‚ö° RECOMENDACI√ìN:
        Delay √≥ptimo: 0.72s entre requests
        
2025-08-24 20:14:39,273 - GitHubCollector - INFO - üÜï MODO INICIAL: Empezando extracci√≥n desde cero
2025-08-24 20:14:39,273 - GitHubCollector - INFO - üöÄ Optimizaci√≥n: Tu token permite delays menores
2025-08-24 20:14:39,273 - GitHubCollector - INFO -    Actual: 1.2s ‚Üí Recomendado: 0.72s
2025-08-24 20:14:39,273 - GitHubCollector - INFO -    Para usar, modifica: delay_between_requests = 0.72
2025-08-24 20:14:39,273 - GitHubCollector - INFO - Iniciando recolecci√≥n continua...
2025-08-24 20:16:35,329 - GitHubCollector - INFO - Cargados 0 repos previamente procesados
2025-08-24 20:16:35,965 - GitHubCollector - INFO - 
        === INFORMACI√ìN DEL TOKEN GITHUB ===
        üë§ Usuario: debugsito
        üè¢ Tipo de cuenta: User
        üí≥ Plan: pro
        üîë Tipo de token: Personal Access Token (Authenticated)

        üìä L√çMITES DE API:
        Core API: 4995/5000 por hora
        Search API: 30/30 por hora

        ‚è∞ RESET:
        Core: 2025-08-24T16:05:47
        Search: 2025-08-24T15:17:35

        ‚ö° RECOMENDACI√ìN:
        Delay √≥ptimo: 0.72s entre requests
        
2025-08-24 20:16:35,965 - GitHubCollector - INFO - ‚úÖ Delay actual (0.72s) es apropiado para tu token
2025-08-24 20:16:35,966 - GitHubCollector - INFO - Iniciando recolecci√≥n continua...
2025-08-24 20:16:35,966 - GitHubCollector - INFO - üÜï MODO INICIAL: Empezando extracci√≥n desde cero
2025-08-24 20:16:35,966 - GitHubCollector - INFO - üÜï MODO INICIAL: Empezando extracci√≥n desde cero
2025-08-24 20:16:35,966 - GitHubCollector - INFO - Iniciando ciclo de recolecci√≥n...
2025-08-24 20:16:35,966 - GitHubCollector - INFO - Buscando repositorios con archivo: .env
2025-08-24 20:16:36,304 - GitHubCollector - WARNING - Query muy complejo: https://api.github.com/search/code
2025-08-24 20:16:36,304 - GitHubCollector - INFO - Total repos nuevos encontrados para .env: 0
2025-08-24 20:16:36,304 - GitHubCollector - INFO - Procesados 0 repos para .env
2025-08-24 20:16:36,304 - GitHubCollector - INFO - Buscando repositorios con archivo: .env.local
2025-08-24 20:16:36,477 - GitHubCollector - WARNING - Query muy complejo: https://api.github.com/search/code
2025-08-24 20:16:36,477 - GitHubCollector - INFO - Total repos nuevos encontrados para .env.local: 0
2025-08-24 20:16:36,477 - GitHubCollector - INFO - Procesados 0 repos para .env.local
2025-08-24 20:16:36,477 - GitHubCollector - INFO - Buscando repositorios con archivo: .env.production
2025-08-24 20:16:36,650 - GitHubCollector - WARNING - Query muy complejo: https://api.github.com/search/code
2025-08-24 20:16:36,650 - GitHubCollector - INFO - Total repos nuevos encontrados para .env.production: 0
2025-08-24 20:16:36,651 - GitHubCollector - INFO - Procesados 0 repos para .env.production
2025-08-24 20:16:36,651 - GitHubCollector - INFO - Buscando repositorios con archivo: .env.development
2025-08-24 20:16:36,821 - GitHubCollector - WARNING - Query muy complejo: https://api.github.com/search/code
2025-08-24 20:16:36,822 - GitHubCollector - INFO - Total repos nuevos encontrados para .env.development: 0
2025-08-24 20:16:36,822 - GitHubCollector - INFO - Procesados 0 repos para .env.development
2025-08-24 20:16:36,822 - GitHubCollector - INFO - Buscando repositorios con archivo: config.json
2025-08-24 20:16:36,987 - GitHubCollector - WARNING - Query muy complejo: https://api.github.com/search/code
2025-08-24 20:16:36,988 - GitHubCollector - INFO - Total repos nuevos encontrados para config.json: 0
2025-08-24 20:16:36,988 - GitHubCollector - INFO - Procesados 0 repos para config.json
2025-08-24 20:16:36,988 - GitHubCollector - INFO - Buscando repositorios con archivo: config.yaml
2025-08-24 20:16:37,160 - GitHubCollector - WARNING - Query muy complejo: https://api.github.com/search/code
2025-08-24 20:16:37,160 - GitHubCollector - INFO - Total repos nuevos encontrados para config.yaml: 0
2025-08-24 20:16:37,160 - GitHubCollector - INFO - Procesados 0 repos para config.yaml
2025-08-24 20:16:37,160 - GitHubCollector - INFO - Buscando repositorios con archivo: config.yml
2025-08-24 20:16:37,379 - GitHubCollector - WARNING - Query muy complejo: https://api.github.com/search/code
2025-08-24 20:16:37,379 - GitHubCollector - INFO - Total repos nuevos encontrados para config.yml: 0
2025-08-24 20:16:37,379 - GitHubCollector - INFO - Procesados 0 repos para config.yml
2025-08-24 20:16:37,379 - GitHubCollector - INFO - Buscando repositorios con archivo: app.config
2025-08-24 20:16:37,558 - GitHubCollector - WARNING - Query muy complejo: https://api.github.com/search/code
2025-08-24 20:16:37,558 - GitHubCollector - INFO - Total repos nuevos encontrados para app.config: 0
2025-08-24 20:16:37,558 - GitHubCollector - INFO - Procesados 0 repos para app.config
2025-08-24 20:16:37,559 - GitHubCollector - INFO - Buscando repositorios con archivo: settings.py
2025-08-24 20:16:37,743 - GitHubCollector - WARNING - Query muy complejo: https://api.github.com/search/code
2025-08-24 20:16:37,743 - GitHubCollector - INFO - Total repos nuevos encontrados para settings.py: 0
2025-08-24 20:16:37,743 - GitHubCollector - INFO - Procesados 0 repos para settings.py
2025-08-24 20:16:37,744 - GitHubCollector - INFO - Buscando repositorios con archivo: settings.json
2025-08-24 20:17:38,921 - GitHubCollector - WARNING - Query muy complejo: https://api.github.com/search/code
2025-08-24 20:17:38,921 - GitHubCollector - INFO - Total repos nuevos encontrados para settings.json: 0
2025-08-24 20:17:38,921 - GitHubCollector - INFO - Procesados 0 repos para settings.json
2025-08-24 20:17:38,921 - GitHubCollector - INFO - Buscando repositorios con archivo: local_settings.py
2025-08-24 20:17:39,089 - GitHubCollector - WARNING - Query muy complejo: https://api.github.com/search/code
2025-08-24 20:17:39,089 - GitHubCollector - INFO - Total repos nuevos encontrados para local_settings.py: 0
2025-08-24 20:17:39,089 - GitHubCollector - INFO - Procesados 0 repos para local_settings.py
2025-08-24 20:17:39,089 - GitHubCollector - INFO - Buscando repositorios con archivo: application.properties
2025-08-24 20:17:39,257 - GitHubCollector - WARNING - Query muy complejo: https://api.github.com/search/code
2025-08-24 20:17:39,258 - GitHubCollector - INFO - Total repos nuevos encontrados para application.properties: 0
2025-08-24 20:17:39,258 - GitHubCollector - INFO - Procesados 0 repos para application.properties
2025-08-24 20:17:39,258 - GitHubCollector - INFO - Buscando repositorios con archivo: application.yml
2025-08-24 20:17:39,455 - GitHubCollector - WARNING - Query muy complejo: https://api.github.com/search/code
2025-08-24 20:17:39,455 - GitHubCollector - INFO - Total repos nuevos encontrados para application.yml: 0
2025-08-24 20:17:39,455 - GitHubCollector - INFO - Procesados 0 repos para application.yml
2025-08-24 20:17:39,455 - GitHubCollector - INFO - Buscando repositorios con archivo: application.yaml
2025-08-24 20:17:39,628 - GitHubCollector - WARNING - Query muy complejo: https://api.github.com/search/code
2025-08-24 20:17:39,628 - GitHubCollector - INFO - Total repos nuevos encontrados para application.yaml: 0
2025-08-24 20:17:39,628 - GitHubCollector - INFO - Procesados 0 repos para application.yaml
2025-08-24 20:17:39,628 - GitHubCollector - INFO - Buscando repositorios con archivo: secrets.json
2025-08-24 20:17:39,833 - GitHubCollector - WARNING - Query muy complejo: https://api.github.com/search/code
2025-08-24 20:17:39,833 - GitHubCollector - INFO - Total repos nuevos encontrados para secrets.json: 0
2025-08-24 20:17:39,833 - GitHubCollector - INFO - Procesados 0 repos para secrets.json
2025-08-24 20:17:39,834 - GitHubCollector - INFO - Buscando repositorios con archivo: credentials.json
2025-08-24 20:17:40,022 - GitHubCollector - WARNING - Query muy complejo: https://api.github.com/search/code
2025-08-24 20:17:40,022 - GitHubCollector - INFO - Total repos nuevos encontrados para credentials.json: 0
2025-08-24 20:17:40,022 - GitHubCollector - INFO - Procesados 0 repos para credentials.json
2025-08-24 20:17:40,022 - GitHubCollector - INFO - Buscando repositorios con archivo: auth.json
2025-08-24 20:17:40,222 - GitHubCollector - WARNING - Query muy complejo: https://api.github.com/search/code
2025-08-24 20:17:40,223 - GitHubCollector - INFO - Total repos nuevos encontrados para auth.json: 0
2025-08-24 20:17:40,223 - GitHubCollector - INFO - Procesados 0 repos para auth.json
2025-08-24 20:17:40,223 - GitHubCollector - INFO - Buscando repositorios con archivo: docker-compose.yml
2025-08-24 20:17:40,402 - GitHubCollector - WARNING - Query muy complejo: https://api.github.com/search/code
2025-08-24 20:17:40,403 - GitHubCollector - INFO - Total repos nuevos encontrados para docker-compose.yml: 0
2025-08-24 20:17:40,403 - GitHubCollector - INFO - Procesados 0 repos para docker-compose.yml
2025-08-24 20:17:40,403 - GitHubCollector - INFO - Buscando repositorios con archivo: docker-compose.yaml
2025-08-24 20:18:23,225 - GitHubCollector - INFO - Detenido por usuario
2025-08-24 20:18:23,245 - GitHubCollector - INFO - Backup creado: backup_20250824_201823.db
2025-08-24 20:18:49,113 - GitHubCollector - INFO - Cargados 0 repos previamente procesados
2025-08-24 20:18:49,784 - GitHubCollector - INFO - 
        === INFORMACI√ìN DEL TOKEN GITHUB ===
        üë§ Usuario: debugsito
        üè¢ Tipo de cuenta: User
        üí≥ Plan: pro
        üîë Tipo de token: Personal Access Token (Authenticated)

        üìä L√çMITES DE API:
        Core API: 4994/5000 por hora
        Search API: 30/30 por hora

        ‚è∞ RESET:
        Core: 2025-08-24T16:05:47
        Search: 2025-08-24T15:19:49

        ‚ö° RECOMENDACI√ìN:
        Delay √≥ptimo: 0.72s entre requests
        
2025-08-24 20:18:49,785 - GitHubCollector - INFO - ‚úÖ Delay actual (0.72s) es apropiado para tu token
2025-08-24 20:18:49,785 - GitHubCollector - INFO - Iniciando recolecci√≥n continua...
2025-08-24 20:18:49,785 - GitHubCollector - INFO - üÜï MODO INICIAL: Empezando extracci√≥n desde cero
2025-08-24 20:18:49,786 - GitHubCollector - INFO - üÜï MODO INICIAL: Empezando extracci√≥n desde cero
2025-08-24 20:18:49,786 - GitHubCollector - INFO - Iniciando ciclo de recolecci√≥n...
2025-08-24 20:18:49,786 - GitHubCollector - INFO - Buscando repositorios con archivo: .env
2025-08-24 20:18:50,011 - GitHubCollector - WARNING - Query muy complejo: https://api.github.com/search/code
2025-08-24 20:18:50,011 - GitHubCollector - WARNING - No se obtuvieron resultados para .env p√°gina 1
2025-08-24 20:18:50,011 - GitHubCollector - INFO - Total repos nuevos encontrados para .env: 0
2025-08-24 20:18:50,011 - GitHubCollector - INFO - Procesados 0 repos para .env
2025-08-24 20:18:50,011 - GitHubCollector - INFO - Buscando repositorios con archivo: .env.local
2025-08-24 20:18:50,212 - GitHubCollector - WARNING - Query muy complejo: https://api.github.com/search/code
2025-08-24 20:18:50,212 - GitHubCollector - WARNING - No se obtuvieron resultados para .env.local p√°gina 1
2025-08-24 20:18:50,212 - GitHubCollector - INFO - Total repos nuevos encontrados para .env.local: 0
2025-08-24 20:18:50,212 - GitHubCollector - INFO - Procesados 0 repos para .env.local
2025-08-24 20:18:50,212 - GitHubCollector - INFO - Buscando repositorios con archivo: .env.production
2025-08-24 20:18:50,409 - GitHubCollector - WARNING - Query muy complejo: https://api.github.com/search/code
2025-08-24 20:18:50,409 - GitHubCollector - WARNING - No se obtuvieron resultados para .env.production p√°gina 1
2025-08-24 20:18:50,409 - GitHubCollector - INFO - Total repos nuevos encontrados para .env.production: 0
2025-08-24 20:18:50,409 - GitHubCollector - INFO - Procesados 0 repos para .env.production
2025-08-24 20:18:50,409 - GitHubCollector - INFO - Buscando repositorios con archivo: .env.development
2025-08-24 20:18:50,610 - GitHubCollector - WARNING - Query muy complejo: https://api.github.com/search/code
2025-08-24 20:18:50,610 - GitHubCollector - WARNING - No se obtuvieron resultados para .env.development p√°gina 1
2025-08-24 20:18:50,610 - GitHubCollector - INFO - Total repos nuevos encontrados para .env.development: 0
2025-08-24 20:18:50,610 - GitHubCollector - INFO - Procesados 0 repos para .env.development
2025-08-24 20:18:50,610 - GitHubCollector - INFO - Buscando repositorios con archivo: config.json
2025-08-24 20:18:50,795 - GitHubCollector - WARNING - Query muy complejo: https://api.github.com/search/code
2025-08-24 20:18:50,796 - GitHubCollector - WARNING - No se obtuvieron resultados para config.json p√°gina 1
2025-08-24 20:18:50,796 - GitHubCollector - INFO - Total repos nuevos encontrados para config.json: 0
2025-08-24 20:18:50,796 - GitHubCollector - INFO - Procesados 0 repos para config.json
2025-08-24 20:18:50,796 - GitHubCollector - INFO - Buscando repositorios con archivo: config.yaml
2025-08-24 20:18:50,995 - GitHubCollector - WARNING - Query muy complejo: https://api.github.com/search/code
2025-08-24 20:18:50,995 - GitHubCollector - WARNING - No se obtuvieron resultados para config.yaml p√°gina 1
2025-08-24 20:18:50,996 - GitHubCollector - INFO - Total repos nuevos encontrados para config.yaml: 0
2025-08-24 20:18:50,996 - GitHubCollector - INFO - Procesados 0 repos para config.yaml
2025-08-24 20:18:50,996 - GitHubCollector - INFO - Buscando repositorios con archivo: config.yml
2025-08-24 20:18:51,245 - GitHubCollector - WARNING - Query muy complejo: https://api.github.com/search/code
2025-08-24 20:18:51,245 - GitHubCollector - WARNING - No se obtuvieron resultados para config.yml p√°gina 1
2025-08-24 20:18:51,245 - GitHubCollector - INFO - Total repos nuevos encontrados para config.yml: 0
2025-08-24 20:18:51,245 - GitHubCollector - INFO - Procesados 0 repos para config.yml
2025-08-24 20:18:51,246 - GitHubCollector - INFO - Buscando repositorios con archivo: app.config
2025-08-24 20:18:51,452 - GitHubCollector - WARNING - Query muy complejo: https://api.github.com/search/code
2025-08-24 20:18:51,453 - GitHubCollector - WARNING - No se obtuvieron resultados para app.config p√°gina 1
2025-08-24 20:18:51,453 - GitHubCollector - INFO - Total repos nuevos encontrados para app.config: 0
2025-08-24 20:18:51,453 - GitHubCollector - INFO - Procesados 0 repos para app.config
2025-08-24 20:18:51,453 - GitHubCollector - INFO - Buscando repositorios con archivo: settings.py
2025-08-24 20:18:51,654 - GitHubCollector - WARNING - Query muy complejo: https://api.github.com/search/code
2025-08-24 20:18:51,654 - GitHubCollector - WARNING - No se obtuvieron resultados para settings.py p√°gina 1
2025-08-24 20:18:51,654 - GitHubCollector - INFO - Total repos nuevos encontrados para settings.py: 0
2025-08-24 20:18:51,655 - GitHubCollector - INFO - Procesados 0 repos para settings.py
2025-08-24 20:18:51,655 - GitHubCollector - INFO - Buscando repositorios con archivo: settings.json
2025-08-24 20:19:47,565 - GitHubCollector - INFO - Detenido por usuario
2025-08-24 20:19:47,582 - GitHubCollector - INFO - Backup creado: backup_20250824_201947.db
2025-08-24 20:20:11,296 - GitHubCollector - INFO - Cargados 0 repos previamente procesados
2025-08-24 20:20:11,969 - GitHubCollector - INFO - 
        === INFORMACI√ìN DEL TOKEN GITHUB ===
        üë§ Usuario: debugsito
        üè¢ Tipo de cuenta: User
        üí≥ Plan: pro
        üîë Tipo de token: Personal Access Token (Authenticated)

        üìä L√çMITES DE API:
        Core API: 4993/5000 por hora
        Search API: 30/30 por hora

        ‚è∞ RESET:
        Core: 2025-08-24T16:05:47
        Search: 2025-08-24T15:21:11

        ‚ö° RECOMENDACI√ìN:
        Delay √≥ptimo: 0.72s entre requests
        
2025-08-24 20:20:11,970 - GitHubCollector - INFO - ‚úÖ Delay actual (0.72s) es apropiado para tu token
2025-08-24 20:20:11,970 - GitHubCollector - INFO - Iniciando recolecci√≥n continua...
2025-08-24 20:20:11,970 - GitHubCollector - INFO - üÜï MODO INICIAL: Empezando extracci√≥n desde cero
2025-08-24 20:20:11,970 - GitHubCollector - INFO - üÜï MODO INICIAL: Empezando extracci√≥n desde cero
2025-08-24 20:20:11,970 - GitHubCollector - INFO - Iniciando ciclo de recolecci√≥n...
2025-08-24 20:20:11,971 - GitHubCollector - INFO - Buscando repositorios con archivo: .env
2025-08-24 20:20:12,170 - GitHubCollector - WARNING - Query muy complejo: https://api.github.com/search/code
2025-08-24 20:20:12,170 - GitHubCollector - WARNING - No se obtuvieron resultados para .env p√°gina 1
2025-08-24 20:20:12,170 - GitHubCollector - INFO - Total repos nuevos encontrados para .env: 0
2025-08-24 20:20:12,170 - GitHubCollector - INFO - Procesados 0 repos para .env
2025-08-24 20:20:12,170 - GitHubCollector - INFO - Buscando repositorios con archivo: .env.local
2025-08-24 20:20:12,365 - GitHubCollector - WARNING - Query muy complejo: https://api.github.com/search/code
2025-08-24 20:20:12,365 - GitHubCollector - WARNING - No se obtuvieron resultados para .env.local p√°gina 1
2025-08-24 20:20:12,365 - GitHubCollector - INFO - Total repos nuevos encontrados para .env.local: 0
2025-08-24 20:20:12,365 - GitHubCollector - INFO - Procesados 0 repos para .env.local
2025-08-24 20:20:12,366 - GitHubCollector - INFO - Buscando repositorios con archivo: .env.production
2025-08-24 20:20:12,544 - GitHubCollector - WARNING - Query muy complejo: https://api.github.com/search/code
2025-08-24 20:20:12,544 - GitHubCollector - WARNING - No se obtuvieron resultados para .env.production p√°gina 1
2025-08-24 20:20:12,545 - GitHubCollector - INFO - Total repos nuevos encontrados para .env.production: 0
2025-08-24 20:20:12,545 - GitHubCollector - INFO - Procesados 0 repos para .env.production
2025-08-24 20:20:12,545 - GitHubCollector - INFO - Buscando repositorios con archivo: .env.development
2025-08-24 20:20:12,759 - GitHubCollector - WARNING - Query muy complejo: https://api.github.com/search/code
2025-08-24 20:20:12,759 - GitHubCollector - WARNING - No se obtuvieron resultados para .env.development p√°gina 1
2025-08-24 20:20:12,759 - GitHubCollector - INFO - Total repos nuevos encontrados para .env.development: 0
2025-08-24 20:20:12,759 - GitHubCollector - INFO - Procesados 0 repos para .env.development
2025-08-24 20:20:12,759 - GitHubCollector - INFO - Buscando repositorios con archivo: config.json
2025-08-24 20:20:12,952 - GitHubCollector - WARNING - Query muy complejo: https://api.github.com/search/code
2025-08-24 20:20:12,952 - GitHubCollector - WARNING - No se obtuvieron resultados para config.json p√°gina 1
2025-08-24 20:20:12,952 - GitHubCollector - INFO - Total repos nuevos encontrados para config.json: 0
2025-08-24 20:20:12,952 - GitHubCollector - INFO - Procesados 0 repos para config.json
2025-08-24 20:20:12,952 - GitHubCollector - INFO - Buscando repositorios con archivo: config.yaml
2025-08-24 20:20:13,161 - GitHubCollector - WARNING - Query muy complejo: https://api.github.com/search/code
2025-08-24 20:20:13,161 - GitHubCollector - WARNING - No se obtuvieron resultados para config.yaml p√°gina 1
2025-08-24 20:20:13,161 - GitHubCollector - INFO - Total repos nuevos encontrados para config.yaml: 0
2025-08-24 20:20:13,161 - GitHubCollector - INFO - Procesados 0 repos para config.yaml
2025-08-24 20:20:13,161 - GitHubCollector - INFO - Buscando repositorios con archivo: config.yml
2025-08-24 20:20:13,378 - GitHubCollector - WARNING - Query muy complejo: https://api.github.com/search/code
2025-08-24 20:20:13,378 - GitHubCollector - WARNING - No se obtuvieron resultados para config.yml p√°gina 1
2025-08-24 20:20:13,378 - GitHubCollector - INFO - Total repos nuevos encontrados para config.yml: 0
2025-08-24 20:20:13,379 - GitHubCollector - INFO - Procesados 0 repos para config.yml
2025-08-24 20:20:13,379 - GitHubCollector - INFO - Buscando repositorios con archivo: app.config
2025-08-24 20:20:13,580 - GitHubCollector - WARNING - Query muy complejo: https://api.github.com/search/code
2025-08-24 20:20:13,580 - GitHubCollector - WARNING - No se obtuvieron resultados para app.config p√°gina 1
2025-08-24 20:20:13,581 - GitHubCollector - INFO - Total repos nuevos encontrados para app.config: 0
2025-08-24 20:20:13,581 - GitHubCollector - INFO - Procesados 0 repos para app.config
2025-08-24 20:20:13,581 - GitHubCollector - INFO - Buscando repositorios con archivo: settings.py
2025-08-24 20:20:13,784 - GitHubCollector - WARNING - Query muy complejo: https://api.github.com/search/code
2025-08-24 20:20:13,784 - GitHubCollector - WARNING - No se obtuvieron resultados para settings.py p√°gina 1
2025-08-24 20:20:13,785 - GitHubCollector - INFO - Total repos nuevos encontrados para settings.py: 0
2025-08-24 20:20:13,785 - GitHubCollector - INFO - Procesados 0 repos para settings.py
2025-08-24 20:20:13,785 - GitHubCollector - INFO - Buscando repositorios con archivo: settings.json
2025-08-24 20:20:16,846 - GitHubCollector - INFO - Detenido por usuario
2025-08-24 20:20:16,863 - GitHubCollector - INFO - Backup creado: backup_20250824_202016.db
2025-08-24 16:34:08,932 - GitHubCollector - INFO - Cargados 0 repos previamente procesados
2025-08-24 16:34:09,378 - GitHubCollector - INFO - Iniciando recolecci√≥n continua...
2025-08-24 16:34:09,379 - GitHubCollector - INFO - Iniciando ciclo de recolecci√≥n...
2025-08-24 16:34:09,379 - GitHubCollector - INFO - Buscando repositorios con archivo: .env
2025-08-24 16:35:23,427 - GitHubCollector - INFO - Procesando repositorio: AIxHunter/FileWizardAI
2025-08-24 16:38:36,079 - GitHubCollector - INFO - Detenido por usuario
2025-08-24 16:38:36,099 - GitHubCollector - INFO - Backup creado: backup_20250824_163836.db
